Watching for file changes with StatReloader
D:\SDE-AI Engg\Python\Libraries\Python-Django\learnDjango\core\settings.py changed, reloading.
Watching for file changes with StatReloader
D:\SDE-AI Engg\Python\Libraries\Python-Django\learnDjango\core\settings.py changed, reloading.
Watching for file changes with StatReloader
Watching for file changes with StatReloader
An informational message for the view was logged.
user requested is Shubham10 with an ip of 127.0.0.1
An informational message 4 items for the view was logged.
D:\SDE-AI Engg\Python\Libraries\Python-Django\learnDjango\core\settings.py changed, reloading.
Watching for file changes with StatReloader
D:\SDE-AI Engg\Python\Libraries\Python-Django\learnDjango\core\settings.py changed, reloading.
Watching for file changes with StatReloader
An informational message for the view was logged.
user requested is Shubham10 with an ip of 127.0.0.1
An informational message 4 items for the view was logged.
Watching for file changes with StatReloader
An informational message for the view was logged.
user requested is Shubham10 with an ip of 127.0.0.1
An informational message 4 items for the view was logged.
Not Found: /favicon.ico
An informational message for the view was logged.
user requested is Shubham10 with an ip of 127.0.0.1
An informational message 4 items for the view was logged.
D:\SDE-AI Engg\Python\Libraries\Python-Django\learnDjango\core\settings.py changed, reloading.
Watching for file changes with StatReloader
An informational message for the view was logged.
user requested is Shubham10 with an ip of 127.0.0.1
An informational message 4 items for the view was logged.
An informational message for the view was logged.
user requested is Shubham10 with an ip of 127.0.0.1
An informational message 4 items for the view was logged.
An informational message for the view was logged.
user requested is AnonymousUser with an ip of 127.0.0.1
An informational message 4 items for the view was logged.
An informational message for the view was logged.
user requested is AnonymousUser with an ip of 127.0.0.1
An informational message 4 items for the view was logged.
An informational message for the view was logged.
user requested is AnonymousUser with an ip of 127.0.0.1
An informational message 4 items for the view was logged.
An informational message for the view was logged.
user requested is AnonymousUser with an ip of 127.0.0.1
An informational message 4 items for the view was logged.
An informational message for the view was logged.
user requested is AnonymousUser with an ip of 127.0.0.1
An informational message 4 items for the view was logged.
D:\SDE-AI Engg\Python\Libraries\Python-Django\learnDjango\mysite\forms.py changed, reloading.
Watching for file changes with StatReloader
D:\SDE-AI Engg\Python\Libraries\Python-Django\learnDjango\mysite\forms.py changed, reloading.
Watching for file changes with StatReloader
D:\SDE-AI Engg\Python\Libraries\Python-Django\learnDjango\mysite\forms.py changed, reloading.
Watching for file changes with StatReloader
D:\SDE-AI Engg\Python\Libraries\Python-Django\learnDjango\mysite\forms.py changed, reloading.
Watching for file changes with StatReloader
D:\SDE-AI Engg\Python\Libraries\Python-Django\learnDjango\mysite\forms.py changed, reloading.
Watching for file changes with StatReloader
D:\SDE-AI Engg\Python\Libraries\Python-Django\learnDjango\mysite\forms.py changed, reloading.
Watching for file changes with StatReloader
D:\SDE-AI Engg\Python\Libraries\Python-Django\learnDjango\mysite\forms.py changed, reloading.
Watching for file changes with StatReloader
D:\SDE-AI Engg\Python\Libraries\Python-Django\learnDjango\mysite\forms.py changed, reloading.
Watching for file changes with StatReloader
D:\SDE-AI Engg\Python\Libraries\Python-Django\learnDjango\mysite\forms.py changed, reloading.
Watching for file changes with StatReloader
D:\SDE-AI Engg\Python\Libraries\Python-Django\learnDjango\mysite\forms.py changed, reloading.
Watching for file changes with StatReloader
D:\SDE-AI Engg\Python\Libraries\Python-Django\learnDjango\mysite\forms.py changed, reloading.
Watching for file changes with StatReloader
D:\SDE-AI Engg\Python\Libraries\Python-Django\learnDjango\mysite\forms.py changed, reloading.
Watching for file changes with StatReloader
D:\SDE-AI Engg\Python\Libraries\Python-Django\learnDjango\mysite\forms.py changed, reloading.
Watching for file changes with StatReloader
D:\SDE-AI Engg\Python\Libraries\Python-Django\learnDjango\mysite\forms.py changed, reloading.
Watching for file changes with StatReloader
D:\SDE-AI Engg\Python\Libraries\Python-Django\learnDjango\mysite\forms.py changed, reloading.
Watching for file changes with StatReloader
D:\SDE-AI Engg\Python\Libraries\Python-Django\learnDjango\mysite\forms.py changed, reloading.
Watching for file changes with StatReloader
D:\SDE-AI Engg\Python\Libraries\Python-Django\learnDjango\mysite\forms.py changed, reloading.
Watching for file changes with StatReloader
D:\SDE-AI Engg\Python\Libraries\Python-Django\learnDjango\mysite\forms.py changed, reloading.
Watching for file changes with StatReloader
D:\SDE-AI Engg\Python\Libraries\Python-Django\learnDjango\mysite\forms.py changed, reloading.
Watching for file changes with StatReloader
D:\SDE-AI Engg\Python\Libraries\Python-Django\learnDjango\mysite\forms.py changed, reloading.
Watching for file changes with StatReloader
D:\SDE-AI Engg\Python\Libraries\Python-Django\learnDjango\mysite\forms.py changed, reloading.
Watching for file changes with StatReloader
Watching for file changes with StatReloader
An informational message for the view was logged.
user requested is AnonymousUser with an ip of 127.0.0.1
An informational message 4 items for the view was logged.
Detail view accessed for item id: 4
Item found: Mouse
An informational message for the view was logged.
user requested is AnonymousUser with an ip of 127.0.0.1
An informational message 4 items for the view was logged.
D:\SDE-AI Engg\Python\Libraries\Python-Django\learnDjango\mysite\forms.py changed, reloading.
Watching for file changes with StatReloader
D:\SDE-AI Engg\Python\Libraries\Python-Django\learnDjango\mysite\forms.py changed, reloading.
Watching for file changes with StatReloader
D:\SDE-AI Engg\Python\Libraries\Python-Django\learnDjango\mysite\forms.py changed, reloading.
Watching for file changes with StatReloader
D:\SDE-AI Engg\Python\Libraries\Python-Django\learnDjango\mysite\forms.py changed, reloading.
Watching for file changes with StatReloader
D:\SDE-AI Engg\Python\Libraries\Python-Django\learnDjango\mysite\forms.py changed, reloading.
Watching for file changes with StatReloader
D:\SDE-AI Engg\Python\Libraries\Python-Django\learnDjango\mysite\views.py changed, reloading.
Watching for file changes with StatReloader
D:\SDE-AI Engg\Python\Libraries\Python-Django\learnDjango\mysite\views.py changed, reloading.
Watching for file changes with StatReloader
D:\SDE-AI Engg\Python\Libraries\Python-Django\learnDjango\mysite\views.py changed, reloading.
Watching for file changes with StatReloader
D:\SDE-AI Engg\Python\Libraries\Python-Django\learnDjango\mysite\views.py changed, reloading.
Watching for file changes with StatReloader
D:\SDE-AI Engg\Python\Libraries\Python-Django\learnDjango\mysite\views.py changed, reloading.
Watching for file changes with StatReloader
D:\SDE-AI Engg\Python\Libraries\Python-Django\learnDjango\mysite\views.py changed, reloading.
Watching for file changes with StatReloader
D:\SDE-AI Engg\Python\Libraries\Python-Django\learnDjango\mysite\views.py changed, reloading.
Watching for file changes with StatReloader
D:\SDE-AI Engg\Python\Libraries\Python-Django\learnDjango\mysite\views.py changed, reloading.
Watching for file changes with StatReloader
D:\SDE-AI Engg\Python\Libraries\Python-Django\learnDjango\mysite\views.py changed, reloading.
Watching for file changes with StatReloader
D:\SDE-AI Engg\Python\Libraries\Python-Django\learnDjango\mysite\views.py changed, reloading.
Watching for file changes with StatReloader
An informational message for the view was logged.
user requested is AnonymousUser with an ip of 127.0.0.1
An informational message 4 items for the view was logged.
An informational message for the view was logged.
user requested is AnonymousUser with an ip of 127.0.0.1
An informational message 4 items for the view was logged.
Detail view accessed for item id: 4
Item found: Mouse
An informational message for the view was logged.
user requested is AnonymousUser with an ip of 127.0.0.1
An informational message 4 items for the view was logged.
An informational message for the view was logged.
user requested is AnonymousUser with an ip of 127.0.0.1
An informational message 4 items for the view was logged.
An informational message for the view was logged.
user requested is AnonymousUser with an ip of 127.0.0.1
An informational message 4 items for the view was logged.
An informational message for the view was logged.
user requested is AnonymousUser with an ip of 127.0.0.1
An informational message 4 items for the view was logged.
Internal Server Error: /create/
Traceback (most recent call last):
  File "D:\SDE-AI Engg\Python\Libraries\Python-Django\.venv\Lib\site-packages\django\core\handlers\exception.py", line 55, in inner
    response = get_response(request)
  File "D:\SDE-AI Engg\Python\Libraries\Python-Django\.venv\Lib\site-packages\django\core\handlers\base.py", line 198, in _get_response
    response = wrapped_callback(request, *callback_args, **callback_kwargs)
  File "D:\SDE-AI Engg\Python\Libraries\Python-Django\learnDjango\mysite\views.py", line 50, in createItem
    if form.is_valid():
       ~~~~~~~~~~~~~^^
  File "D:\SDE-AI Engg\Python\Libraries\Python-Django\.venv\Lib\site-packages\django\forms\forms.py", line 206, in is_valid
    return self.is_bound and not self.errors
                                 ^^^^^^^^^^^
  File "D:\SDE-AI Engg\Python\Libraries\Python-Django\.venv\Lib\site-packages\django\forms\forms.py", line 201, in errors
    self.full_clean()
    ~~~~~~~~~~~~~~~^^
  File "D:\SDE-AI Engg\Python\Libraries\Python-Django\.venv\Lib\site-packages\django\forms\forms.py", line 337, in full_clean
    self._clean_fields()
    ~~~~~~~~~~~~~~~~~~^^
  File "D:\SDE-AI Engg\Python\Libraries\Python-Django\.venv\Lib\site-packages\django\forms\forms.py", line 347, in _clean_fields
    value = getattr(self, "clean_%s" % name)()
  File "D:\SDE-AI Engg\Python\Libraries\Python-Django\learnDjango\mysite\forms.py", line 31, in clean_price
    price = self.cleaned_data("price")
TypeError: 'dict' object is not callable
Internal Server Error: /create/
Traceback (most recent call last):
  File "D:\SDE-AI Engg\Python\Libraries\Python-Django\.venv\Lib\site-packages\django\core\handlers\exception.py", line 55, in inner
    response = get_response(request)
  File "D:\SDE-AI Engg\Python\Libraries\Python-Django\.venv\Lib\site-packages\django\core\handlers\base.py", line 198, in _get_response
    response = wrapped_callback(request, *callback_args, **callback_kwargs)
  File "D:\SDE-AI Engg\Python\Libraries\Python-Django\learnDjango\mysite\views.py", line 50, in createItem
    if form.is_valid():
       ~~~~~~~~~~~~~^^
  File "D:\SDE-AI Engg\Python\Libraries\Python-Django\.venv\Lib\site-packages\django\forms\forms.py", line 206, in is_valid
    return self.is_bound and not self.errors
                                 ^^^^^^^^^^^
  File "D:\SDE-AI Engg\Python\Libraries\Python-Django\.venv\Lib\site-packages\django\forms\forms.py", line 201, in errors
    self.full_clean()
    ~~~~~~~~~~~~~~~^^
  File "D:\SDE-AI Engg\Python\Libraries\Python-Django\.venv\Lib\site-packages\django\forms\forms.py", line 337, in full_clean
    self._clean_fields()
    ~~~~~~~~~~~~~~~~~~^^
  File "D:\SDE-AI Engg\Python\Libraries\Python-Django\.venv\Lib\site-packages\django\forms\forms.py", line 347, in _clean_fields
    value = getattr(self, "clean_%s" % name)()
  File "D:\SDE-AI Engg\Python\Libraries\Python-Django\learnDjango\mysite\forms.py", line 31, in clean_price
    price = self.cleaned_data("price")
TypeError: 'dict' object is not callable
Internal Server Error: /create/
Traceback (most recent call last):
  File "D:\SDE-AI Engg\Python\Libraries\Python-Django\.venv\Lib\site-packages\django\core\handlers\exception.py", line 55, in inner
    response = get_response(request)
  File "D:\SDE-AI Engg\Python\Libraries\Python-Django\.venv\Lib\site-packages\django\core\handlers\base.py", line 198, in _get_response
    response = wrapped_callback(request, *callback_args, **callback_kwargs)
  File "D:\SDE-AI Engg\Python\Libraries\Python-Django\learnDjango\mysite\views.py", line 50, in createItem
    if form.is_valid():
       ~~~~~~~~~~~~~^^
  File "D:\SDE-AI Engg\Python\Libraries\Python-Django\.venv\Lib\site-packages\django\forms\forms.py", line 206, in is_valid
    return self.is_bound and not self.errors
                                 ^^^^^^^^^^^
  File "D:\SDE-AI Engg\Python\Libraries\Python-Django\.venv\Lib\site-packages\django\forms\forms.py", line 201, in errors
    self.full_clean()
    ~~~~~~~~~~~~~~~^^
  File "D:\SDE-AI Engg\Python\Libraries\Python-Django\.venv\Lib\site-packages\django\forms\forms.py", line 337, in full_clean
    self._clean_fields()
    ~~~~~~~~~~~~~~~~~~^^
  File "D:\SDE-AI Engg\Python\Libraries\Python-Django\.venv\Lib\site-packages\django\forms\forms.py", line 347, in _clean_fields
    value = getattr(self, "clean_%s" % name)()
  File "D:\SDE-AI Engg\Python\Libraries\Python-Django\learnDjango\mysite\forms.py", line 31, in clean_price
    price = self.cleaned_data("price")
TypeError: 'dict' object is not callable
Watching for file changes with StatReloader
An informational message for the view was logged.
user requested is AnonymousUser with an ip of 127.0.0.1
An informational message 4 items for the view was logged.
Internal Server Error: /create/
Traceback (most recent call last):
  File "D:\SDE-AI Engg\Python\Libraries\Python-Django\.venv\Lib\site-packages\django\core\handlers\exception.py", line 55, in inner
    response = get_response(request)
  File "D:\SDE-AI Engg\Python\Libraries\Python-Django\.venv\Lib\site-packages\django\core\handlers\base.py", line 198, in _get_response
    response = wrapped_callback(request, *callback_args, **callback_kwargs)
  File "D:\SDE-AI Engg\Python\Libraries\Python-Django\learnDjango\mysite\views.py", line 50, in createItem
    if form.is_valid():
       ~~~~~~~~~~~~~^^
  File "D:\SDE-AI Engg\Python\Libraries\Python-Django\.venv\Lib\site-packages\django\forms\forms.py", line 206, in is_valid
    return self.is_bound and not self.errors
                                 ^^^^^^^^^^^
  File "D:\SDE-AI Engg\Python\Libraries\Python-Django\.venv\Lib\site-packages\django\forms\forms.py", line 201, in errors
    self.full_clean()
    ~~~~~~~~~~~~~~~^^
  File "D:\SDE-AI Engg\Python\Libraries\Python-Django\.venv\Lib\site-packages\django\forms\forms.py", line 337, in full_clean
    self._clean_fields()
    ~~~~~~~~~~~~~~~~~~^^
  File "D:\SDE-AI Engg\Python\Libraries\Python-Django\.venv\Lib\site-packages\django\forms\forms.py", line 347, in _clean_fields
    value = getattr(self, "clean_%s" % name)()
  File "D:\SDE-AI Engg\Python\Libraries\Python-Django\learnDjango\mysite\forms.py", line 31, in clean_price
    price = self.cleaned_data("price")
TypeError: 'dict' object is not callable
D:\SDE-AI Engg\Python\Libraries\Python-Django\learnDjango\mysite\forms.py changed, reloading.
Watching for file changes with StatReloader
D:\SDE-AI Engg\Python\Libraries\Python-Django\learnDjango\mysite\forms.py changed, reloading.
Watching for file changes with StatReloader
D:\SDE-AI Engg\Python\Libraries\Python-Django\learnDjango\mysite\forms.py changed, reloading.
Watching for file changes with StatReloader
D:\SDE-AI Engg\Python\Libraries\Python-Django\learnDjango\mysite\forms.py changed, reloading.
Watching for file changes with StatReloader
D:\SDE-AI Engg\Python\Libraries\Python-Django\learnDjango\mysite\forms.py changed, reloading.
Watching for file changes with StatReloader
D:\SDE-AI Engg\Python\Libraries\Python-Django\learnDjango\mysite\forms.py changed, reloading.
Watching for file changes with StatReloader
D:\SDE-AI Engg\Python\Libraries\Python-Django\learnDjango\mysite\forms.py changed, reloading.
Watching for file changes with StatReloader
D:\SDE-AI Engg\Python\Libraries\Python-Django\learnDjango\mysite\forms.py changed, reloading.
Watching for file changes with StatReloader
D:\SDE-AI Engg\Python\Libraries\Python-Django\learnDjango\mysite\forms.py changed, reloading.
Watching for file changes with StatReloader
D:\SDE-AI Engg\Python\Libraries\Python-Django\learnDjango\mysite\forms.py changed, reloading.
Watching for file changes with StatReloader
D:\SDE-AI Engg\Python\Libraries\Python-Django\learnDjango\mysite\forms.py changed, reloading.
Watching for file changes with StatReloader
D:\SDE-AI Engg\Python\Libraries\Python-Django\learnDjango\mysite\forms.py changed, reloading.
Watching for file changes with StatReloader
D:\SDE-AI Engg\Python\Libraries\Python-Django\learnDjango\mysite\forms.py changed, reloading.
Watching for file changes with StatReloader
D:\SDE-AI Engg\Python\Libraries\Python-Django\learnDjango\mysite\forms.py changed, reloading.
Watching for file changes with StatReloader
D:\SDE-AI Engg\Python\Libraries\Python-Django\learnDjango\mysite\forms.py changed, reloading.
Watching for file changes with StatReloader
D:\SDE-AI Engg\Python\Libraries\Python-Django\learnDjango\mysite\forms.py changed, reloading.
Watching for file changes with StatReloader
D:\SDE-AI Engg\Python\Libraries\Python-Django\learnDjango\mysite\forms.py changed, reloading.
Watching for file changes with StatReloader
D:\SDE-AI Engg\Python\Libraries\Python-Django\learnDjango\mysite\forms.py changed, reloading.
Watching for file changes with StatReloader
D:\SDE-AI Engg\Python\Libraries\Python-Django\learnDjango\mysite\forms.py changed, reloading.
Watching for file changes with StatReloader
D:\SDE-AI Engg\Python\Libraries\Python-Django\learnDjango\mysite\forms.py changed, reloading.
Watching for file changes with StatReloader
D:\SDE-AI Engg\Python\Libraries\Python-Django\learnDjango\mysite\forms.py changed, reloading.
Watching for file changes with StatReloader
D:\SDE-AI Engg\Python\Libraries\Python-Django\learnDjango\mysite\forms.py changed, reloading.
Watching for file changes with StatReloader
D:\SDE-AI Engg\Python\Libraries\Python-Django\learnDjango\mysite\forms.py changed, reloading.
Watching for file changes with StatReloader
D:\SDE-AI Engg\Python\Libraries\Python-Django\learnDjango\mysite\forms.py changed, reloading.
Watching for file changes with StatReloader
D:\SDE-AI Engg\Python\Libraries\Python-Django\learnDjango\mysite\forms.py changed, reloading.
Watching for file changes with StatReloader
D:\SDE-AI Engg\Python\Libraries\Python-Django\learnDjango\mysite\forms.py changed, reloading.
Watching for file changes with StatReloader
D:\SDE-AI Engg\Python\Libraries\Python-Django\learnDjango\mysite\forms.py changed, reloading.
Watching for file changes with StatReloader
D:\SDE-AI Engg\Python\Libraries\Python-Django\learnDjango\mysite\forms.py changed, reloading.
Watching for file changes with StatReloader
D:\SDE-AI Engg\Python\Libraries\Python-Django\learnDjango\mysite\forms.py changed, reloading.
Watching for file changes with StatReloader
D:\SDE-AI Engg\Python\Libraries\Python-Django\learnDjango\mysite\forms.py changed, reloading.
Watching for file changes with StatReloader
D:\SDE-AI Engg\Python\Libraries\Python-Django\learnDjango\mysite\forms.py changed, reloading.
Watching for file changes with StatReloader
D:\SDE-AI Engg\Python\Libraries\Python-Django\learnDjango\mysite\forms.py changed, reloading.
Watching for file changes with StatReloader
D:\SDE-AI Engg\Python\Libraries\Python-Django\learnDjango\mysite\forms.py changed, reloading.
Watching for file changes with StatReloader
D:\SDE-AI Engg\Python\Libraries\Python-Django\learnDjango\mysite\forms.py changed, reloading.
Watching for file changes with StatReloader
D:\SDE-AI Engg\Python\Libraries\Python-Django\learnDjango\mysite\forms.py changed, reloading.
Watching for file changes with StatReloader
D:\SDE-AI Engg\Python\Libraries\Python-Django\learnDjango\mysite\forms.py changed, reloading.
Watching for file changes with StatReloader
An informational message for the view was logged.
user requested is AnonymousUser with an ip of 127.0.0.1
An informational message 4 items for the view was logged.
D:\SDE-AI Engg\Python\Libraries\Python-Django\learnDjango\mysite\views.py changed, reloading.
Watching for file changes with StatReloader
An informational message for the view was logged.
user requested is AnonymousUser with an ip of 127.0.0.1
An informational message 5 items for the view was logged.
An informational message for the view was logged.
user requested is AnonymousUser with an ip of 127.0.0.1
An informational message 5 items for the view was logged.
An informational message for the view was logged.
user requested is AnonymousUser with an ip of 127.0.0.1
An informational message 5 items for the view was logged.
D:\SDE-AI Engg\Python\Libraries\Python-Django\learnDjango\mysite\forms.py changed, reloading.
Watching for file changes with StatReloader
D:\SDE-AI Engg\Python\Libraries\Python-Django\learnDjango\mysite\forms.py changed, reloading.
Watching for file changes with StatReloader
Watching for file changes with StatReloader
Not Found: /
D:\SDE-AI Engg\Python\Libraries\Python-Django\learnDjango\core\urls.py changed, reloading.
Watching for file changes with StatReloader
D:\SDE-AI Engg\Python\Libraries\Python-Django\learnDjango\djangowithfastapipydantic\models.py changed, reloading.
Watching for file changes with StatReloader
D:\SDE-AI Engg\Python\Libraries\Python-Django\learnDjango\djangowithfastapipydantic\models.py changed, reloading.
Watching for file changes with StatReloader
D:\SDE-AI Engg\Python\Libraries\Python-Django\learnDjango\djangowithfastapipydantic\models.py changed, reloading.
Watching for file changes with StatReloader
D:\SDE-AI Engg\Python\Libraries\Python-Django\learnDjango\djangowithfastapipydantic\models.py changed, reloading.
Watching for file changes with StatReloader
D:\SDE-AI Engg\Python\Libraries\Python-Django\learnDjango\djangowithfastapipydantic\models.py changed, reloading.
Watching for file changes with StatReloader
D:\SDE-AI Engg\Python\Libraries\Python-Django\learnDjango\djangowithfastapipydantic\models.py changed, reloading.
Watching for file changes with StatReloader
D:\SDE-AI Engg\Python\Libraries\Python-Django\learnDjango\djangowithfastapipydantic\models.py changed, reloading.
Watching for file changes with StatReloader
D:\SDE-AI Engg\Python\Libraries\Python-Django\learnDjango\djangowithfastapipydantic\models.py changed, reloading.
Watching for file changes with StatReloader
D:\SDE-AI Engg\Python\Libraries\Python-Django\learnDjango\djangowithfastapipydantic\models.py changed, reloading.
Watching for file changes with StatReloader
D:\SDE-AI Engg\Python\Libraries\Python-Django\learnDjango\djangowithfastapipydantic\models.py changed, reloading.
Watching for file changes with StatReloader
D:\SDE-AI Engg\Python\Libraries\Python-Django\learnDjango\djangowithfastapipydantic\models.py changed, reloading.
Watching for file changes with StatReloader
D:\SDE-AI Engg\Python\Libraries\Python-Django\learnDjango\djangowithfastapipydantic\models.py changed, reloading.
Watching for file changes with StatReloader
Watching for file changes with StatReloader
D:\SDE-AI Engg\Python\Libraries\Python-Django\learnDjango\djangowithfastapipydantic\admin.py changed, reloading.
Watching for file changes with StatReloader
D:\SDE-AI Engg\Python\Libraries\Python-Django\learnDjango\djangowithfastapipydantic\models.py changed, reloading.
Watching for file changes with StatReloader
D:\SDE-AI Engg\Python\Libraries\Python-Django\learnDjango\djangowithfastapipydantic\admin.py changed, reloading.
Watching for file changes with StatReloader
D:\SDE-AI Engg\Python\Libraries\Python-Django\learnDjango\djangowithfastapipydantic\admin.py changed, reloading.
Watching for file changes with StatReloader
D:\SDE-AI Engg\Python\Libraries\Python-Django\learnDjango\djangowithfastapipydantic\admin.py changed, reloading.
Watching for file changes with StatReloader
Watching for file changes with StatReloader
D:\SDE-AI Engg\Python\Libraries\Python-Django\learnDjango\djangowithfastapipydantic\models.py changed, reloading.
Watching for file changes with StatReloader
D:\SDE-AI Engg\Python\Libraries\Python-Django\learnDjango\djangowithfastapipydantic\models.py changed, reloading.
Watching for file changes with StatReloader
D:\SDE-AI Engg\Python\Libraries\Python-Django\learnDjango\djangowithfastapipydantic\models.py changed, reloading.
Watching for file changes with StatReloader
D:\SDE-AI Engg\Python\Libraries\Python-Django\learnDjango\djangowithfastapipydantic\models.py changed, reloading.
Watching for file changes with StatReloader
D:\SDE-AI Engg\Python\Libraries\Python-Django\learnDjango\djangowithfastapipydantic\views.py changed, reloading.
Watching for file changes with StatReloader
D:\SDE-AI Engg\Python\Libraries\Python-Django\learnDjango\djangowithfastapipydantic\views.py changed, reloading.
Watching for file changes with StatReloader
D:\SDE-AI Engg\Python\Libraries\Python-Django\learnDjango\djangowithfastapipydantic\views.py changed, reloading.
Watching for file changes with StatReloader
Watching for file changes with StatReloader
Watching for file changes with StatReloader
Watching for file changes with StatReloader
D:\SDE-AI Engg\Python\Libraries\Python-Django\learnDjango\core\urls.py changed, reloading.
Watching for file changes with StatReloader
D:\SDE-AI Engg\Python\Libraries\Python-Django\learnDjango\core\urls.py changed, reloading.
Watching for file changes with StatReloader
D:\SDE-AI Engg\Python\Libraries\Python-Django\learnDjango\djangowithfastapipydantic\views.py changed, reloading.
Watching for file changes with StatReloader
D:\SDE-AI Engg\Python\Libraries\Python-Django\learnDjango\djangowithfastapipydantic\views.py changed, reloading.
Watching for file changes with StatReloader
D:\SDE-AI Engg\Python\Libraries\Python-Django\learnDjango\djangowithfastapipydantic\views.py changed, reloading.
Watching for file changes with StatReloader
D:\SDE-AI Engg\Python\Libraries\Python-Django\learnDjango\djangowithfastapipydantic\views.py changed, reloading.
Watching for file changes with StatReloader
D:\SDE-AI Engg\Python\Libraries\Python-Django\learnDjango\djangowithfastapipydantic\views.py changed, reloading.
Watching for file changes with StatReloader
D:\SDE-AI Engg\Python\Libraries\Python-Django\learnDjango\djangowithfastapipydantic\views.py changed, reloading.
Watching for file changes with StatReloader
D:\SDE-AI Engg\Python\Libraries\Python-Django\learnDjango\core\urls.py changed, reloading.
Watching for file changes with StatReloader
D:\SDE-AI Engg\Python\Libraries\Python-Django\learnDjango\core\urls.py changed, reloading.
Watching for file changes with StatReloader
D:\SDE-AI Engg\Python\Libraries\Python-Django\learnDjango\core\urls.py changed, reloading.
Watching for file changes with StatReloader
D:\SDE-AI Engg\Python\Libraries\Python-Django\learnDjango\core\urls.py changed, reloading.
Watching for file changes with StatReloader
D:\SDE-AI Engg\Python\Libraries\Python-Django\learnDjango\core\urls.py changed, reloading.
Watching for file changes with StatReloader
D:\SDE-AI Engg\Python\Libraries\Python-Django\learnDjango\core\urls.py changed, reloading.
Watching for file changes with StatReloader
Not Found: /MOVIES
Not Found: /
Not Found: /
Internal Server Error: /movies/
Traceback (most recent call last):
  File "D:\SDE-AI Engg\Python\Libraries\Python-Django\.venv\Lib\site-packages\django\core\handlers\exception.py", line 55, in inner
    response = get_response(request)
  File "D:\SDE-AI Engg\Python\Libraries\Python-Django\.venv\Lib\site-packages\django\core\handlers\base.py", line 221, in _get_response
    response = response.render()
  File "D:\SDE-AI Engg\Python\Libraries\Python-Django\.venv\Lib\site-packages\django\template\response.py", line 114, in render
    self.content = self.rendered_content
                   ^^^^^^^^^^^^^^^^^^^^^
  File "D:\SDE-AI Engg\Python\Libraries\Python-Django\.venv\Lib\site-packages\rest_framework\response.py", line 74, in rendered_content
    ret = renderer.render(self.data, accepted_media_type, context)
  File "D:\SDE-AI Engg\Python\Libraries\Python-Django\.venv\Lib\site-packages\rest_framework\renderers.py", line 730, in render
    template = loader.get_template(self.template)
  File "D:\SDE-AI Engg\Python\Libraries\Python-Django\.venv\Lib\site-packages\django\template\loader.py", line 19, in get_template
    raise TemplateDoesNotExist(template_name, chain=chain)
django.template.exceptions.TemplateDoesNotExist: rest_framework/api.html
D:\SDE-AI Engg\Python\Libraries\Python-Django\learnDjango\core\settings.py changed, reloading.
Watching for file changes with StatReloader
D:\SDE-AI Engg\Python\Libraries\Python-Django\learnDjango\core\settings.py changed, reloading.
Watching for file changes with StatReloader
D:\SDE-AI Engg\Python\Libraries\Python-Django\learnDjango\core\urls.py changed, reloading.
Watching for file changes with StatReloader
D:\SDE-AI Engg\Python\Libraries\Python-Django\learnDjango\core\urls.py changed, reloading.
Watching for file changes with StatReloader
D:\SDE-AI Engg\Python\Libraries\Python-Django\learnDjango\core\urls.py changed, reloading.
Watching for file changes with StatReloader
D:\SDE-AI Engg\Python\Libraries\Python-Django\learnDjango\core\urls.py changed, reloading.
Watching for file changes with StatReloader
D:\SDE-AI Engg\Python\Libraries\Python-Django\learnDjango\core\urls.py changed, reloading.
Watching for file changes with StatReloader
D:\SDE-AI Engg\Python\Libraries\Python-Django\learnDjango\core\urls.py changed, reloading.
Watching for file changes with StatReloader
D:\SDE-AI Engg\Python\Libraries\Python-Django\learnDjango\djangowithfastapipydantic\models.py changed, reloading.
Watching for file changes with StatReloader
D:\SDE-AI Engg\Python\Libraries\Python-Django\learnDjango\djangowithfastapipydantic\models.py changed, reloading.
Watching for file changes with StatReloader
D:\SDE-AI Engg\Python\Libraries\Python-Django\learnDjango\djangowithfastapipydantic\models.py changed, reloading.
Watching for file changes with StatReloader
D:\SDE-AI Engg\Python\Libraries\Python-Django\learnDjango\djangowithfastapipydantic\models.py changed, reloading.
Watching for file changes with StatReloader
D:\SDE-AI Engg\Python\Libraries\Python-Django\learnDjango\djangowithfastapipydantic\models.py changed, reloading.
Watching for file changes with StatReloader
D:\SDE-AI Engg\Python\Libraries\Python-Django\learnDjango\djangowithfastapipydantic\models.py changed, reloading.
Watching for file changes with StatReloader
D:\SDE-AI Engg\Python\Libraries\Python-Django\learnDjango\djangowithfastapipydantic\models.py changed, reloading.
Watching for file changes with StatReloader
D:\SDE-AI Engg\Python\Libraries\Python-Django\learnDjango\djangowithfastapipydantic\models.py changed, reloading.
Watching for file changes with StatReloader
D:\SDE-AI Engg\Python\Libraries\Python-Django\learnDjango\djangowithfastapipydantic\models.py changed, reloading.
Watching for file changes with StatReloader
D:\SDE-AI Engg\Python\Libraries\Python-Django\learnDjango\djangowithfastapipydantic\models.py changed, reloading.
Watching for file changes with StatReloader
D:\SDE-AI Engg\Python\Libraries\Python-Django\learnDjango\djangowithfastapipydantic\models.py changed, reloading.
Watching for file changes with StatReloader
D:\SDE-AI Engg\Python\Libraries\Python-Django\learnDjango\djangowithfastapipydantic\models.py changed, reloading.
Watching for file changes with StatReloader
D:\SDE-AI Engg\Python\Libraries\Python-Django\learnDjango\djangowithfastapipydantic\models.py changed, reloading.
Watching for file changes with StatReloader
D:\SDE-AI Engg\Python\Libraries\Python-Django\learnDjango\djangowithfastapipydantic\models.py changed, reloading.
Watching for file changes with StatReloader
D:\SDE-AI Engg\Python\Libraries\Python-Django\learnDjango\djangowithfastapipydantic\models.py changed, reloading.
Watching for file changes with StatReloader
D:\SDE-AI Engg\Python\Libraries\Python-Django\learnDjango\djangowithfastapipydantic\models.py changed, reloading.
Watching for file changes with StatReloader
D:\SDE-AI Engg\Python\Libraries\Python-Django\learnDjango\djangowithfastapipydantic\models.py changed, reloading.
Watching for file changes with StatReloader
D:\SDE-AI Engg\Python\Libraries\Python-Django\learnDjango\djangowithfastapipydantic\models.py changed, reloading.
Watching for file changes with StatReloader
D:\SDE-AI Engg\Python\Libraries\Python-Django\learnDjango\djangowithfastapipydantic\models.py changed, reloading.
Watching for file changes with StatReloader
D:\SDE-AI Engg\Python\Libraries\Python-Django\learnDjango\djangowithfastapipydantic\models.py changed, reloading.
Watching for file changes with StatReloader
D:\SDE-AI Engg\Python\Libraries\Python-Django\learnDjango\djangowithfastapipydantic\models.py changed, reloading.
Watching for file changes with StatReloader
D:\SDE-AI Engg\Python\Libraries\Python-Django\learnDjango\djangowithfastapipydantic\models.py changed, reloading.
Watching for file changes with StatReloader
D:\SDE-AI Engg\Python\Libraries\Python-Django\learnDjango\djangowithfastapipydantic\models.py changed, reloading.
Watching for file changes with StatReloader
D:\SDE-AI Engg\Python\Libraries\Python-Django\learnDjango\djangowithfastapipydantic\models.py changed, reloading.
Watching for file changes with StatReloader
Watching for file changes with StatReloader
Not Found: /
Not Found: /favicon.ico
D:\SDE-AI Engg\Python\Libraries\Python-Django\learnDjango\core\urls.py changed, reloading.
Watching for file changes with StatReloader
D:\SDE-AI Engg\Python\Libraries\Python-Django\learnDjango\core\urls.py changed, reloading.
Watching for file changes with StatReloader
D:\SDE-AI Engg\Python\Libraries\Python-Django\learnDjango\core\urls.py changed, reloading.
Watching for file changes with StatReloader
D:\SDE-AI Engg\Python\Libraries\Python-Django\learnDjango\core\urls.py changed, reloading.
Watching for file changes with StatReloader
D:\SDE-AI Engg\Python\Libraries\Python-Django\learnDjango\core\urls.py changed, reloading.
Watching for file changes with StatReloader
D:\SDE-AI Engg\Python\Libraries\Python-Django\learnDjango\core\urls.py changed, reloading.
Watching for file changes with StatReloader
D:\SDE-AI Engg\Python\Libraries\Python-Django\learnDjango\djangowithfastapipydantic\views.py changed, reloading.
Watching for file changes with StatReloader
D:\SDE-AI Engg\Python\Libraries\Python-Django\learnDjango\djangowithfastapipydantic\views.py changed, reloading.
Watching for file changes with StatReloader
Watching for file changes with StatReloader
Watching for file changes with StatReloader
Not Found: /action
Watching for file changes with StatReloader
D:\SDE-AI Engg\Python\Libraries\Python-Django\learnDjango\djangowithfastapipydantic\models.py changed, reloading.
Watching for file changes with StatReloader
D:\SDE-AI Engg\Python\Libraries\Python-Django\learnDjango\djangowithfastapipydantic\models.py changed, reloading.
Watching for file changes with StatReloader
Watching for file changes with StatReloader
D:\SDE-AI Engg\Python\Libraries\Python-Django\learnDjango\djangowithfastapipydantic\serializers.py changed, reloading.
Watching for file changes with StatReloader
D:\SDE-AI Engg\Python\Libraries\Python-Django\learnDjango\core\settings.py changed, reloading.
Watching for file changes with StatReloader
D:\SDE-AI Engg\Python\Libraries\Python-Django\learnDjango\core\urls.py changed, reloading.
Watching for file changes with StatReloader
D:\SDE-AI Engg\Python\Libraries\Python-Django\learnDjango\core\urls.py changed, reloading.
Watching for file changes with StatReloader
D:\SDE-AI Engg\Python\Libraries\Python-Django\learnDjango\core\urls.py changed, reloading.
Watching for file changes with StatReloader
D:\SDE-AI Engg\Python\Libraries\Python-Django\learnDjango\core\urls.py changed, reloading.
Watching for file changes with StatReloader
D:\SDE-AI Engg\Python\Libraries\Python-Django\learnDjango\core\urls.py changed, reloading.
Watching for file changes with StatReloader
D:\SDE-AI Engg\Python\Libraries\Python-Django\learnDjango\djangowithfastapipydantic\models.py changed, reloading.
Watching for file changes with StatReloader
D:\SDE-AI Engg\Python\Libraries\Python-Django\learnDjango\djangowithfastapipydantic\models.py changed, reloading.
Watching for file changes with StatReloader
Importing AvifImagePlugin
Importing BlpImagePlugin
Importing BmpImagePlugin
Importing BufrStubImagePlugin
Importing CurImagePlugin
Importing DcxImagePlugin
Importing DdsImagePlugin
Importing EpsImagePlugin
Importing FitsImagePlugin
Importing FliImagePlugin
Importing FpxImagePlugin
Image: failed to import FpxImagePlugin: No module named 'olefile'
Importing FtexImagePlugin
Importing GbrImagePlugin
Importing GifImagePlugin
Importing GribStubImagePlugin
Importing Hdf5StubImagePlugin
Importing IcnsImagePlugin
Importing IcoImagePlugin
Importing ImImagePlugin
Importing ImtImagePlugin
Importing IptcImagePlugin
Importing JpegImagePlugin
Importing Jpeg2KImagePlugin
Importing McIdasImagePlugin
Importing MicImagePlugin
Image: failed to import MicImagePlugin: No module named 'olefile'
Importing MpegImagePlugin
Importing MpoImagePlugin
Importing MspImagePlugin
Importing PalmImagePlugin
Importing PcdImagePlugin
Importing PcxImagePlugin
Importing PdfImagePlugin
Importing PixarImagePlugin
Importing PngImagePlugin
Importing PpmImagePlugin
Importing PsdImagePlugin
Importing QoiImagePlugin
Importing SgiImagePlugin
Importing SpiderImagePlugin
Importing SunImagePlugin
Importing TgaImagePlugin
Importing TiffImagePlugin
Importing WebPImagePlugin
Importing WmfImagePlugin
Importing XbmImagePlugin
Importing XpmImagePlugin
Importing XVThumbImagePlugin
Not Found: /media/images/None/None.jpg
Watching for file changes with StatReloader
An informational message for the view was logged.
user requested is Shubham10 with an ip of 127.0.0.1
An informational message 5 items for the view was logged.
Not Found: /favicon.ico
D:\SDE-AI Engg\Python\Libraries\Python-Django\learnDjango\mysite\urls.py changed, reloading.
Watching for file changes with StatReloader
D:\SDE-AI Engg\Python\Libraries\Python-Django\learnDjango\mysite\urls.py changed, reloading.
Watching for file changes with StatReloader
D:\SDE-AI Engg\Python\Libraries\Python-Django\learnDjango\mysite\urls.py changed, reloading.
Watching for file changes with StatReloader
D:\SDE-AI Engg\Python\Libraries\Python-Django\learnDjango\mysite\urls.py changed, reloading.
Watching for file changes with StatReloader
D:\SDE-AI Engg\Python\Libraries\Python-Django\learnDjango\mysite\urls.py changed, reloading.
Watching for file changes with StatReloader
D:\SDE-AI Engg\Python\Libraries\Python-Django\learnDjango\mysite\urls.py changed, reloading.
Watching for file changes with StatReloader
D:\SDE-AI Engg\Python\Libraries\Python-Django\learnDjango\mysite\urls.py changed, reloading.
Watching for file changes with StatReloader
D:\SDE-AI Engg\Python\Libraries\Python-Django\learnDjango\mysite\urls.py changed, reloading.
Watching for file changes with StatReloader
D:\SDE-AI Engg\Python\Libraries\Python-Django\learnDjango\mysite\urls.py changed, reloading.
Watching for file changes with StatReloader
D:\SDE-AI Engg\Python\Libraries\Python-Django\learnDjango\users\views.py changed, reloading.
Watching for file changes with StatReloader
D:\SDE-AI Engg\Python\Libraries\Python-Django\learnDjango\users\views.py changed, reloading.
Watching for file changes with StatReloader
D:\SDE-AI Engg\Python\Libraries\Python-Django\learnDjango\users\views.py changed, reloading.
Watching for file changes with StatReloader
D:\SDE-AI Engg\Python\Libraries\Python-Django\learnDjango\mysite\urls.py changed, reloading.
Watching for file changes with StatReloader
D:\SDE-AI Engg\Python\Libraries\Python-Django\learnDjango\core\urls.py changed, reloading.
Watching for file changes with StatReloader
D:\SDE-AI Engg\Python\Libraries\Python-Django\learnDjango\users\urls.py changed, reloading.
Watching for file changes with StatReloader
D:\SDE-AI Engg\Python\Libraries\Python-Django\learnDjango\users\views.py changed, reloading.
Watching for file changes with StatReloader
D:\SDE-AI Engg\Python\Libraries\Python-Django\learnDjango\users\views.py changed, reloading.
Watching for file changes with StatReloader
D:\SDE-AI Engg\Python\Libraries\Python-Django\learnDjango\users\models.py changed, reloading.
Watching for file changes with StatReloader
D:\SDE-AI Engg\Python\Libraries\Python-Django\learnDjango\users\models.py changed, reloading.
Watching for file changes with StatReloader
D:\SDE-AI Engg\Python\Libraries\Python-Django\learnDjango\users\views.py changed, reloading.
Watching for file changes with StatReloader
D:\SDE-AI Engg\Python\Libraries\Python-Django\learnDjango\users\views.py changed, reloading.
Watching for file changes with StatReloader
D:\SDE-AI Engg\Python\Libraries\Python-Django\learnDjango\users\views.py changed, reloading.
Watching for file changes with StatReloader
D:\SDE-AI Engg\Python\Libraries\Python-Django\learnDjango\users\views.py changed, reloading.
Watching for file changes with StatReloader
D:\SDE-AI Engg\Python\Libraries\Python-Django\learnDjango\users\views.py changed, reloading.
Watching for file changes with StatReloader
D:\SDE-AI Engg\Python\Libraries\Python-Django\learnDjango\users\views.py changed, reloading.
Watching for file changes with StatReloader
D:\SDE-AI Engg\Python\Libraries\Python-Django\learnDjango\users\views.py changed, reloading.
Watching for file changes with StatReloader
D:\SDE-AI Engg\Python\Libraries\Python-Django\learnDjango\users\views.py changed, reloading.
Watching for file changes with StatReloader
D:\SDE-AI Engg\Python\Libraries\Python-Django\learnDjango\users\views.py changed, reloading.
Watching for file changes with StatReloader
D:\SDE-AI Engg\Python\Libraries\Python-Django\learnDjango\users\views.py changed, reloading.
Watching for file changes with StatReloader
D:\SDE-AI Engg\Python\Libraries\Python-Django\learnDjango\users\views.py changed, reloading.
Watching for file changes with StatReloader
D:\SDE-AI Engg\Python\Libraries\Python-Django\learnDjango\users\views.py changed, reloading.
Watching for file changes with StatReloader
D:\SDE-AI Engg\Python\Libraries\Python-Django\learnDjango\users\views.py changed, reloading.
Watching for file changes with StatReloader
D:\SDE-AI Engg\Python\Libraries\Python-Django\learnDjango\users\views.py changed, reloading.
Watching for file changes with StatReloader
D:\SDE-AI Engg\Python\Libraries\Python-Django\learnDjango\users\views.py changed, reloading.
Watching for file changes with StatReloader
D:\SDE-AI Engg\Python\Libraries\Python-Django\learnDjango\users\views.py changed, reloading.
Watching for file changes with StatReloader
D:\SDE-AI Engg\Python\Libraries\Python-Django\learnDjango\users\views.py changed, reloading.
Watching for file changes with StatReloader
D:\SDE-AI Engg\Python\Libraries\Python-Django\learnDjango\users\views.py changed, reloading.
Watching for file changes with StatReloader
D:\SDE-AI Engg\Python\Libraries\Python-Django\learnDjango\users\views.py changed, reloading.
Watching for file changes with StatReloader
D:\SDE-AI Engg\Python\Libraries\Python-Django\learnDjango\users\views.py changed, reloading.
Watching for file changes with StatReloader
D:\SDE-AI Engg\Python\Libraries\Python-Django\learnDjango\users\views.py changed, reloading.
Watching for file changes with StatReloader
D:\SDE-AI Engg\Python\Libraries\Python-Django\learnDjango\users\views.py changed, reloading.
Watching for file changes with StatReloader
D:\SDE-AI Engg\Python\Libraries\Python-Django\learnDjango\users\views.py changed, reloading.
Watching for file changes with StatReloader
D:\SDE-AI Engg\Python\Libraries\Python-Django\learnDjango\users\views.py changed, reloading.
Watching for file changes with StatReloader
D:\SDE-AI Engg\Python\Libraries\Python-Django\learnDjango\users\views.py changed, reloading.
Watching for file changes with StatReloader
D:\SDE-AI Engg\Python\Libraries\Python-Django\learnDjango\users\views.py changed, reloading.
Watching for file changes with StatReloader
D:\SDE-AI Engg\Python\Libraries\Python-Django\learnDjango\users\views.py changed, reloading.
Watching for file changes with StatReloader
D:\SDE-AI Engg\Python\Libraries\Python-Django\learnDjango\users\views.py changed, reloading.
Watching for file changes with StatReloader
D:\SDE-AI Engg\Python\Libraries\Python-Django\learnDjango\users\views.py changed, reloading.
Watching for file changes with StatReloader
D:\SDE-AI Engg\Python\Libraries\Python-Django\learnDjango\users\views.py changed, reloading.
Watching for file changes with StatReloader
D:\SDE-AI Engg\Python\Libraries\Python-Django\learnDjango\users\views.py changed, reloading.
Watching for file changes with StatReloader
D:\SDE-AI Engg\Python\Libraries\Python-Django\learnDjango\users\views.py changed, reloading.
Watching for file changes with StatReloader
D:\SDE-AI Engg\Python\Libraries\Python-Django\learnDjango\users\views.py changed, reloading.
Watching for file changes with StatReloader
Not Found: /.well-known/appspecific/com.chrome.devtools.json
Not Found: /.well-known/appspecific/com.chrome.devtools.json
D:\SDE-AI Engg\Python\Libraries\Python-Django\learnDjango\users\views.py changed, reloading.
Watching for file changes with StatReloader
D:\SDE-AI Engg\Python\Libraries\Python-Django\learnDjango\users\views.py changed, reloading.
Watching for file changes with StatReloader
D:\SDE-AI Engg\Python\Libraries\Python-Django\learnDjango\users\views.py changed, reloading.
Watching for file changes with StatReloader
Watching for file changes with StatReloader
An informational message for the view was logged.
user requested is Shubham10 with an ip of 127.0.0.1
An informational message 5 items for the view was logged.
D:\SDE-AI Engg\Python\Libraries\Python-Django\learnDjango\users\views.py changed, reloading.
Watching for file changes with StatReloader
D:\SDE-AI Engg\Python\Libraries\Python-Django\learnDjango\users\views.py changed, reloading.
Watching for file changes with StatReloader
D:\SDE-AI Engg\Python\Libraries\Python-Django\learnDjango\users\models.py changed, reloading.
Watching for file changes with StatReloader
D:\SDE-AI Engg\Python\Libraries\Python-Django\learnDjango\users\models.py changed, reloading.
Watching for file changes with StatReloader
Forbidden (CSRF cookie not set.): /users/register/
Forbidden (CSRF cookie not set.): /users/register/
Watching for file changes with StatReloader
An informational message for the view was logged.
user requested is AnonymousUser with an ip of 127.0.0.1
An informational message 5 items for the view was logged.
Internal Server Error: /users/register/
Traceback (most recent call last):
  File "D:\SDE-AI Engg\Python\Libraries\Python-Django\.venv\Lib\site-packages\django\core\handlers\exception.py", line 55, in inner
    response = get_response(request)
  File "D:\SDE-AI Engg\Python\Libraries\Python-Django\.venv\Lib\site-packages\django\core\handlers\base.py", line 198, in _get_response
    response = wrapped_callback(request, *callback_args, **callback_kwargs)
  File "D:\SDE-AI Engg\Python\Libraries\Python-Django\learnDjango\users\views.py", line 23, in register
    return redirect('mysite:index')
  File "D:\SDE-AI Engg\Python\Libraries\Python-Django\.venv\Lib\site-packages\django\shortcuts.py", line 51, in redirect
    resolve_url(to, *args, **kwargs),
    ~~~~~~~~~~~^^^^^^^^^^^^^^^^^^^^^
  File "D:\SDE-AI Engg\Python\Libraries\Python-Django\.venv\Lib\site-packages\django\shortcuts.py", line 184, in resolve_url
    return reverse(to, args=args, kwargs=kwargs)
  File "D:\SDE-AI Engg\Python\Libraries\Python-Django\.venv\Lib\site-packages\django\urls\base.py", line 98, in reverse
    resolved_url = resolver._reverse_with_prefix(view, prefix, *args, **kwargs)
  File "D:\SDE-AI Engg\Python\Libraries\Python-Django\.venv\Lib\site-packages\django\urls\resolvers.py", line 842, in _reverse_with_prefix
    raise NoReverseMatch(msg)
django.urls.exceptions.NoReverseMatch: Reverse for 'index' not found. 'index' is not a valid view function or pattern name.
D:\SDE-AI Engg\Python\Libraries\Python-Django\learnDjango\users\views.py changed, reloading.
Watching for file changes with StatReloader
D:\SDE-AI Engg\Python\Libraries\Python-Django\learnDjango\users\views.py changed, reloading.
Watching for file changes with StatReloader
An informational message for the view was logged.
user requested is AnonymousUser with an ip of 127.0.0.1
An informational message 5 items for the view was logged.
D:\SDE-AI Engg\Python\Libraries\Python-Django\learnDjango\users\views.py changed, reloading.
Watching for file changes with StatReloader
D:\SDE-AI Engg\Python\Libraries\Python-Django\learnDjango\users\views.py changed, reloading.
Watching for file changes with StatReloader
D:\SDE-AI Engg\Python\Libraries\Python-Django\learnDjango\users\views.py changed, reloading.
Watching for file changes with StatReloader
D:\SDE-AI Engg\Python\Libraries\Python-Django\learnDjango\users\views.py changed, reloading.
Watching for file changes with StatReloader
D:\SDE-AI Engg\Python\Libraries\Python-Django\learnDjango\users\views.py changed, reloading.
Watching for file changes with StatReloader
D:\SDE-AI Engg\Python\Libraries\Python-Django\learnDjango\users\views.py changed, reloading.
Watching for file changes with StatReloader
An informational message for the view was logged.
user requested is Shubham10 with an ip of 127.0.0.1
An informational message 5 items for the view was logged.
Internal Server Error: /users/register/
Traceback (most recent call last):
  File "D:\SDE-AI Engg\Python\Libraries\Python-Django\.venv\Lib\site-packages\django\core\handlers\exception.py", line 55, in inner
    response = get_response(request)
  File "D:\SDE-AI Engg\Python\Libraries\Python-Django\.venv\Lib\site-packages\django\core\handlers\base.py", line 198, in _get_response
    response = wrapped_callback(request, *callback_args, **callback_kwargs)
  File "D:\SDE-AI Engg\Python\Libraries\Python-Django\learnDjango\users\views.py", line 11, in register
    messages.success(request, f'welcom {username} ')
    ^^^^^^^^^^^^^^^^
AttributeError: 'dict' object has no attribute 'success'
D:\SDE-AI Engg\Python\Libraries\Python-Django\learnDjango\users\views.py changed, reloading.
Watching for file changes with StatReloader
D:\SDE-AI Engg\Python\Libraries\Python-Django\learnDjango\users\views.py changed, reloading.
Watching for file changes with StatReloader
An informational message for the view was logged.
user requested is Shubham10 with an ip of 127.0.0.1
An informational message 5 items for the view was logged.
Watching for file changes with StatReloader
An informational message for the view was logged.
user requested is Shubham10 with an ip of 127.0.0.1
An informational message 5 items for the view was logged.
D:\SDE-AI Engg\Python\Libraries\Python-Django\learnDjango\users\views.py changed, reloading.
Watching for file changes with StatReloader
D:\SDE-AI Engg\Python\Libraries\Python-Django\learnDjango\users\views.py changed, reloading.
Watching for file changes with StatReloader
D:\SDE-AI Engg\Python\Libraries\Python-Django\learnDjango\users\views.py changed, reloading.
Watching for file changes with StatReloader
D:\SDE-AI Engg\Python\Libraries\Python-Django\learnDjango\users\urls.py changed, reloading.
Watching for file changes with StatReloader
D:\SDE-AI Engg\Python\Libraries\Python-Django\learnDjango\users\urls.py changed, reloading.
Watching for file changes with StatReloader
D:\SDE-AI Engg\Python\Libraries\Python-Django\learnDjango\users\urls.py changed, reloading.
Watching for file changes with StatReloader
D:\SDE-AI Engg\Python\Libraries\Python-Django\learnDjango\users\urls.py changed, reloading.
Watching for file changes with StatReloader
D:\SDE-AI Engg\Python\Libraries\Python-Django\learnDjango\users\urls.py changed, reloading.
Watching for file changes with StatReloader
D:\SDE-AI Engg\Python\Libraries\Python-Django\learnDjango\users\urls.py changed, reloading.
Watching for file changes with StatReloader
D:\SDE-AI Engg\Python\Libraries\Python-Django\learnDjango\users\urls.py changed, reloading.
Watching for file changes with StatReloader
D:\SDE-AI Engg\Python\Libraries\Python-Django\learnDjango\users\urls.py changed, reloading.
Watching for file changes with StatReloader
D:\SDE-AI Engg\Python\Libraries\Python-Django\learnDjango\users\urls.py changed, reloading.
Watching for file changes with StatReloader
D:\SDE-AI Engg\Python\Libraries\Python-Django\learnDjango\users\urls.py changed, reloading.
Watching for file changes with StatReloader
D:\SDE-AI Engg\Python\Libraries\Python-Django\learnDjango\users\urls.py changed, reloading.
Watching for file changes with StatReloader
D:\SDE-AI Engg\Python\Libraries\Python-Django\learnDjango\users\urls.py changed, reloading.
Watching for file changes with StatReloader
Not Found: /login
Not Found: /login
D:\SDE-AI Engg\Python\Libraries\Python-Django\learnDjango\core\settings.py changed, reloading.
Watching for file changes with StatReloader
D:\SDE-AI Engg\Python\Libraries\Python-Django\learnDjango\core\settings.py changed, reloading.
Watching for file changes with StatReloader
D:\SDE-AI Engg\Python\Libraries\Python-Django\learnDjango\core\settings.py changed, reloading.
Watching for file changes with StatReloader
An informational message for the view was logged.
user requested is AnonymousUser with an ip of 127.0.0.1
An informational message 5 items for the view was logged.
Watching for file changes with StatReloader
Method Not Allowed (GET): /admin/logout/
Method Not Allowed (GET): /admin/logout/
An informational message for the view was logged.
user requested is Shubham10 with an ip of 127.0.0.1
An informational message 5 items for the view was logged.
D:\SDE-AI Engg\Python\Libraries\Python-Django\learnDjango\users\views.py changed, reloading.
Watching for file changes with StatReloader
D:\SDE-AI Engg\Python\Libraries\Python-Django\learnDjango\users\views.py changed, reloading.
Watching for file changes with StatReloader
D:\SDE-AI Engg\Python\Libraries\Python-Django\learnDjango\users\views.py changed, reloading.
Watching for file changes with StatReloader
D:\SDE-AI Engg\Python\Libraries\Python-Django\learnDjango\users\views.py changed, reloading.
Watching for file changes with StatReloader
D:\SDE-AI Engg\Python\Libraries\Python-Django\learnDjango\users\views.py changed, reloading.
Watching for file changes with StatReloader
D:\SDE-AI Engg\Python\Libraries\Python-Django\learnDjango\users\views.py changed, reloading.
Watching for file changes with StatReloader
D:\SDE-AI Engg\Python\Libraries\Python-Django\learnDjango\users\urls.py changed, reloading.
Watching for file changes with StatReloader
D:\SDE-AI Engg\Python\Libraries\Python-Django\learnDjango\users\urls.py changed, reloading.
Watching for file changes with StatReloader
D:\SDE-AI Engg\Python\Libraries\Python-Django\learnDjango\users\views.py changed, reloading.
Watching for file changes with StatReloader
D:\SDE-AI Engg\Python\Libraries\Python-Django\learnDjango\users\views.py changed, reloading.
Watching for file changes with StatReloader
D:\SDE-AI Engg\Python\Libraries\Python-Django\learnDjango\users\views.py changed, reloading.
Watching for file changes with StatReloader
D:\SDE-AI Engg\Python\Libraries\Python-Django\learnDjango\users\views.py changed, reloading.
Watching for file changes with StatReloader
D:\SDE-AI Engg\Python\Libraries\Python-Django\learnDjango\users\views.py changed, reloading.
Watching for file changes with StatReloader
D:\SDE-AI Engg\Python\Libraries\Python-Django\learnDjango\users\views.py changed, reloading.
Watching for file changes with StatReloader
D:\SDE-AI Engg\Python\Libraries\Python-Django\learnDjango\users\views.py changed, reloading.
Watching for file changes with StatReloader
D:\SDE-AI Engg\Python\Libraries\Python-Django\learnDjango\users\views.py changed, reloading.
Watching for file changes with StatReloader
D:\SDE-AI Engg\Python\Libraries\Python-Django\learnDjango\users\views.py changed, reloading.
Watching for file changes with StatReloader
D:\SDE-AI Engg\Python\Libraries\Python-Django\learnDjango\users\views.py changed, reloading.
Watching for file changes with StatReloader
D:\SDE-AI Engg\Python\Libraries\Python-Django\learnDjango\users\views.py changed, reloading.
Watching for file changes with StatReloader
D:\SDE-AI Engg\Python\Libraries\Python-Django\learnDjango\users\views.py changed, reloading.
Watching for file changes with StatReloader
An informational message for the view was logged.
user requested is Shubham10 with an ip of 127.0.0.1
An informational message 5 items for the view was logged.
Not Found: /users/logout/users/logout.html
D:\SDE-AI Engg\Python\Libraries\Python-Django\learnDjango\users\views.py changed, reloading.
Watching for file changes with StatReloader
Not Found: /users/logout/users/logout.html
An informational message for the view was logged.
user requested is AnonymousUser with an ip of 127.0.0.1
An informational message 5 items for the view was logged.
Unsafe redirect to URL with protocol 'users'
Traceback (most recent call last):
  File "D:\SDE-AI Engg\Python\Libraries\Python-Django\.venv\Lib\site-packages\django\core\handlers\exception.py", line 55, in inner
    response = get_response(request)
  File "D:\SDE-AI Engg\Python\Libraries\Python-Django\.venv\Lib\site-packages\django\core\handlers\base.py", line 198, in _get_response
    response = wrapped_callback(request, *callback_args, **callback_kwargs)
  File "D:\SDE-AI Engg\Python\Libraries\Python-Django\learnDjango\users\views.py", line 23, in logout_view
    return redirect('users:logout.html')
  File "D:\SDE-AI Engg\Python\Libraries\Python-Django\.venv\Lib\site-packages\django\shortcuts.py", line 50, in redirect
    return redirect_class(
        resolve_url(to, *args, **kwargs),
        preserve_request=preserve_request,
    )
  File "D:\SDE-AI Engg\Python\Libraries\Python-Django\.venv\Lib\site-packages\django\http\response.py", line 647, in __init__
    raise DisallowedRedirect(
        "Unsafe redirect to URL with protocol '%s'" % parsed.scheme
    )
django.core.exceptions.DisallowedRedirect: Unsafe redirect to URL with protocol 'users'
D:\SDE-AI Engg\Python\Libraries\Python-Django\learnDjango\users\views.py changed, reloading.
Watching for file changes with StatReloader
D:\SDE-AI Engg\Python\Libraries\Python-Django\learnDjango\users\views.py changed, reloading.
Watching for file changes with StatReloader
D:\SDE-AI Engg\Python\Libraries\Python-Django\learnDjango\users\views.py changed, reloading.
Watching for file changes with StatReloader
D:\SDE-AI Engg\Python\Libraries\Python-Django\learnDjango\mysite\views.py changed, reloading.
Watching for file changes with StatReloader
D:\SDE-AI Engg\Python\Libraries\Python-Django\learnDjango\mysite\views.py changed, reloading.
Watching for file changes with StatReloader
D:\SDE-AI Engg\Python\Libraries\Python-Django\learnDjango\mysite\views.py changed, reloading.
Watching for file changes with StatReloader
An informational message for the view was logged.
user requested is AnonymousUser with an ip of 127.0.0.1
An informational message 5 items for the view was logged.
An informational message for the view was logged.
user requested is AnonymousUser with an ip of 127.0.0.1
An informational message 5 items for the view was logged.
Internal Server Error: /
Traceback (most recent call last):
  File "D:\SDE-AI Engg\Python\Libraries\Python-Django\.venv\Lib\site-packages\django\urls\base.py", line 81, in reverse
    extra, resolver = resolver.namespace_dict[ns]
                      ~~~~~~~~~~~~~~~~~~~~~~~^^^^
KeyError: 'users'

During handling of the above exception, another exception occurred:

Traceback (most recent call last):
  File "D:\SDE-AI Engg\Python\Libraries\Python-Django\.venv\Lib\site-packages\django\core\handlers\exception.py", line 55, in inner
    response = get_response(request)
  File "D:\SDE-AI Engg\Python\Libraries\Python-Django\.venv\Lib\site-packages\django\core\handlers\base.py", line 198, in _get_response
    response = wrapped_callback(request, *callback_args, **callback_kwargs)
  File "D:\SDE-AI Engg\Python\Libraries\Python-Django\learnDjango\mysite\views.py", line 31, in home
    return render(request, 'mysite/index.html', context)
  File "D:\SDE-AI Engg\Python\Libraries\Python-Django\.venv\Lib\site-packages\django\shortcuts.py", line 25, in render
    content = loader.render_to_string(template_name, context, request, using=using)
  File "D:\SDE-AI Engg\Python\Libraries\Python-Django\.venv\Lib\site-packages\django\template\loader.py", line 62, in render_to_string
    return template.render(context, request)
           ~~~~~~~~~~~~~~~^^^^^^^^^^^^^^^^^^
  File "D:\SDE-AI Engg\Python\Libraries\Python-Django\.venv\Lib\site-packages\django\template\backends\django.py", line 107, in render
    return self.template.render(context)
           ~~~~~~~~~~~~~~~~~~~~^^^^^^^^^
  File "D:\SDE-AI Engg\Python\Libraries\Python-Django\.venv\Lib\site-packages\django\template\base.py", line 174, in render
    return self._render(context)
           ~~~~~~~~~~~~^^^^^^^^^
  File "D:\SDE-AI Engg\Python\Libraries\Python-Django\.venv\Lib\site-packages\django\template\base.py", line 166, in _render
    return self.nodelist.render(context)
           ~~~~~~~~~~~~~~~~~~~~^^^^^^^^^
  File "D:\SDE-AI Engg\Python\Libraries\Python-Django\.venv\Lib\site-packages\django\template\base.py", line 1091, in render
    return SafeString("".join([node.render_annotated(context) for node in self]))
                               ~~~~~~~~~~~~~~~~~~~~~^^^^^^^^^
  File "D:\SDE-AI Engg\Python\Libraries\Python-Django\.venv\Lib\site-packages\django\template\base.py", line 1052, in render_annotated
    return self.render(context)
           ~~~~~~~~~~~^^^^^^^^^
  File "D:\SDE-AI Engg\Python\Libraries\Python-Django\.venv\Lib\site-packages\django\template\loader_tags.py", line 160, in render
    return compiled_parent._render(context)
           ~~~~~~~~~~~~~~~~~~~~~~~^^^^^^^^^
  File "D:\SDE-AI Engg\Python\Libraries\Python-Django\.venv\Lib\site-packages\django\template\base.py", line 166, in _render
    return self.nodelist.render(context)
           ~~~~~~~~~~~~~~~~~~~~^^^^^^^^^
  File "D:\SDE-AI Engg\Python\Libraries\Python-Django\.venv\Lib\site-packages\django\template\base.py", line 1091, in render
    return SafeString("".join([node.render_annotated(context) for node in self]))
                               ~~~~~~~~~~~~~~~~~~~~~^^^^^^^^^
  File "D:\SDE-AI Engg\Python\Libraries\Python-Django\.venv\Lib\site-packages\django\template\base.py", line 1052, in render_annotated
    return self.render(context)
           ~~~~~~~~~~~^^^^^^^^^
  File "D:\SDE-AI Engg\Python\Libraries\Python-Django\.venv\Lib\site-packages\django\template\defaulttags.py", line 333, in render
    return nodelist.render(context)
           ~~~~~~~~~~~~~~~^^^^^^^^^
  File "D:\SDE-AI Engg\Python\Libraries\Python-Django\.venv\Lib\site-packages\django\template\base.py", line 1091, in render
    return SafeString("".join([node.render_annotated(context) for node in self]))
                               ~~~~~~~~~~~~~~~~~~~~~^^^^^^^^^
  File "D:\SDE-AI Engg\Python\Libraries\Python-Django\.venv\Lib\site-packages\django\template\base.py", line 1052, in render_annotated
    return self.render(context)
           ~~~~~~~~~~~^^^^^^^^^
  File "D:\SDE-AI Engg\Python\Libraries\Python-Django\.venv\Lib\site-packages\django\template\defaulttags.py", line 511, in render
    url = reverse(view_name, args=args, kwargs=kwargs, current_app=current_app)
  File "D:\SDE-AI Engg\Python\Libraries\Python-Django\.venv\Lib\site-packages\django\urls\base.py", line 92, in reverse
    raise NoReverseMatch("%s is not a registered namespace" % key)
django.urls.exceptions.NoReverseMatch: 'users' is not a registered namespace
D:\SDE-AI Engg\Python\Libraries\Python-Django\learnDjango\users\urls.py changed, reloading.
Watching for file changes with StatReloader
D:\SDE-AI Engg\Python\Libraries\Python-Django\learnDjango\users\urls.py changed, reloading.
Watching for file changes with StatReloader
An informational message for the view was logged.
user requested is AnonymousUser with an ip of 127.0.0.1
An informational message 5 items for the view was logged.
An informational message for the view was logged.
user requested is AnonymousUser with an ip of 127.0.0.1
An informational message 5 items for the view was logged.
D:\SDE-AI Engg\Python\Libraries\Python-Django\learnDjango\users\urls.py changed, reloading.
Watching for file changes with StatReloader
An informational message for the view was logged.
user requested is AnonymousUser with an ip of 127.0.0.1
An informational message 5 items for the view was logged.
An informational message for the view was logged.
user requested is AnonymousUser with an ip of 127.0.0.1
An informational message 5 items for the view was logged.
Forbidden (CSRF cookie not set.): /users/login/
Forbidden (CSRF cookie not set.): /users/login/
An informational message for the view was logged.
user requested is Shubham10 with an ip of 127.0.0.1
An informational message 5 items for the view was logged.
An informational message for the view was logged.
user requested is AnonymousUser with an ip of 127.0.0.1
An informational message 5 items for the view was logged.
D:\SDE-AI Engg\Python\Libraries\Python-Django\learnDjango\mysite\views.py changed, reloading.
Watching for file changes with StatReloader
D:\SDE-AI Engg\Python\Libraries\Python-Django\learnDjango\mysite\views.py changed, reloading.
Watching for file changes with StatReloader
D:\SDE-AI Engg\Python\Libraries\Python-Django\learnDjango\mysite\views.py changed, reloading.
Watching for file changes with StatReloader
D:\SDE-AI Engg\Python\Libraries\Python-Django\learnDjango\mysite\views.py changed, reloading.
Watching for file changes with StatReloader
D:\SDE-AI Engg\Python\Libraries\Python-Django\learnDjango\mysite\views.py changed, reloading.
Watching for file changes with StatReloader
D:\SDE-AI Engg\Python\Libraries\Python-Django\learnDjango\mysite\views.py changed, reloading.
Watching for file changes with StatReloader
D:\SDE-AI Engg\Python\Libraries\Python-Django\learnDjango\mysite\views.py changed, reloading.
Watching for file changes with StatReloader
An informational message for the view was logged.
user requested is Shubham10 with an ip of 127.0.0.1
An informational message 5 items for the view was logged.
D:\SDE-AI Engg\Python\Libraries\Python-Django\learnDjango\mysite\views.py changed, reloading.
Watching for file changes with StatReloader
D:\SDE-AI Engg\Python\Libraries\Python-Django\learnDjango\mysite\views.py changed, reloading.
Watching for file changes with StatReloader
D:\SDE-AI Engg\Python\Libraries\Python-Django\learnDjango\mysite\views.py changed, reloading.
Watching for file changes with StatReloader
D:\SDE-AI Engg\Python\Libraries\Python-Django\learnDjango\users\urls.py changed, reloading.
Watching for file changes with StatReloader
D:\SDE-AI Engg\Python\Libraries\Python-Django\learnDjango\users\urls.py changed, reloading.
Watching for file changes with StatReloader
D:\SDE-AI Engg\Python\Libraries\Python-Django\learnDjango\users\urls.py changed, reloading.
Watching for file changes with StatReloader
D:\SDE-AI Engg\Python\Libraries\Python-Django\learnDjango\users\views.py changed, reloading.
Watching for file changes with StatReloader
D:\SDE-AI Engg\Python\Libraries\Python-Django\learnDjango\users\views.py changed, reloading.
Watching for file changes with StatReloader
D:\SDE-AI Engg\Python\Libraries\Python-Django\learnDjango\users\urls.py changed, reloading.
Watching for file changes with StatReloader
D:\SDE-AI Engg\Python\Libraries\Python-Django\learnDjango\users\views.py changed, reloading.
Watching for file changes with StatReloader
D:\SDE-AI Engg\Python\Libraries\Python-Django\learnDjango\users\views.py changed, reloading.
Watching for file changes with StatReloader
D:\SDE-AI Engg\Python\Libraries\Python-Django\learnDjango\users\views.py changed, reloading.
Watching for file changes with StatReloader
D:\SDE-AI Engg\Python\Libraries\Python-Django\learnDjango\users\views.py changed, reloading.
Watching for file changes with StatReloader
D:\SDE-AI Engg\Python\Libraries\Python-Django\learnDjango\users\views.py changed, reloading.
Watching for file changes with StatReloader
D:\SDE-AI Engg\Python\Libraries\Python-Django\learnDjango\users\views.py changed, reloading.
Watching for file changes with StatReloader
An informational message for the view was logged.
user requested is Shubham10 with an ip of 127.0.0.1
An informational message 5 items for the view was logged.
An informational message for the view was logged.
user requested is Shubham10 with an ip of 127.0.0.1
An informational message 5 items for the view was logged.
An informational message for the view was logged.
user requested is Shubham10 with an ip of 127.0.0.1
An informational message 5 items for the view was logged.
An informational message for the view was logged.
user requested is Shubham10 with an ip of 127.0.0.1
An informational message 5 items for the view was logged.
D:\SDE-AI Engg\Python\Libraries\Python-Django\learnDjango\users\views.py changed, reloading.
Watching for file changes with StatReloader
D:\SDE-AI Engg\Python\Libraries\Python-Django\learnDjango\users\models.py changed, reloading.
Watching for file changes with StatReloader
D:\SDE-AI Engg\Python\Libraries\Python-Django\learnDjango\users\models.py changed, reloading.
Watching for file changes with StatReloader
D:\SDE-AI Engg\Python\Libraries\Python-Django\learnDjango\users\models.py changed, reloading.
Watching for file changes with StatReloader
D:\SDE-AI Engg\Python\Libraries\Python-Django\learnDjango\users\models.py changed, reloading.
Watching for file changes with StatReloader
D:\SDE-AI Engg\Python\Libraries\Python-Django\learnDjango\users\models.py changed, reloading.
Watching for file changes with StatReloader
D:\SDE-AI Engg\Python\Libraries\Python-Django\learnDjango\users\models.py changed, reloading.
Watching for file changes with StatReloader
Watching for file changes with StatReloader
An informational message for the view was logged.
user requested is Shubham10 with an ip of 127.0.0.1
An informational message 5 items for the view was logged.
An informational message for the view was logged.
user requested is Shubham10 with an ip of 127.0.0.1
An informational message 5 items for the view was logged.
D:\SDE-AI Engg\Python\Libraries\Python-Django\learnDjango\users\admin.py changed, reloading.
Watching for file changes with StatReloader
D:\SDE-AI Engg\Python\Libraries\Python-Django\learnDjango\users\views.py changed, reloading.
Watching for file changes with StatReloader
D:\SDE-AI Engg\Python\Libraries\Python-Django\learnDjango\users\views.py changed, reloading.
Watching for file changes with StatReloader
D:\SDE-AI Engg\Python\Libraries\Python-Django\learnDjango\mysite\views.py changed, reloading.
Watching for file changes with StatReloader
D:\SDE-AI Engg\Python\Libraries\Python-Django\learnDjango\mysite\views.py changed, reloading.
Watching for file changes with StatReloader
D:\SDE-AI Engg\Python\Libraries\Python-Django\learnDjango\mysite\views.py changed, reloading.
Watching for file changes with StatReloader
D:\SDE-AI Engg\Python\Libraries\Python-Django\learnDjango\mysite\views.py changed, reloading.
Watching for file changes with StatReloader
D:\SDE-AI Engg\Python\Libraries\Python-Django\learnDjango\mysite\views.py changed, reloading.
Watching for file changes with StatReloader
D:\SDE-AI Engg\Python\Libraries\Python-Django\learnDjango\mysite\views.py changed, reloading.
Watching for file changes with StatReloader
D:\SDE-AI Engg\Python\Libraries\Python-Django\learnDjango\mysite\views.py changed, reloading.
Watching for file changes with StatReloader
D:\SDE-AI Engg\Python\Libraries\Python-Django\learnDjango\mysite\views.py changed, reloading.
Watching for file changes with StatReloader
D:\SDE-AI Engg\Python\Libraries\Python-Django\learnDjango\mysite\views.py changed, reloading.
Watching for file changes with StatReloader
Watching for file changes with StatReloader
D:\SDE-AI Engg\Python\Libraries\Python-Django\learnDjango\core\settings.py changed, reloading.
